{
  "RSpec": {
    "coverage": {
      "/Users/jlivingston1/Turing/3module/projects/spin/spin/config/environment.rb": [
        null,
        1,
        null,
        null,
        1
      ],
      "/Users/jlivingston1/Turing/3module/projects/spin/spin/config/application.rb": [
        1,
        null,
        1,
        null,
        1,
        1,
        1,
        1,
        1,
        1,
        1,
        1,
        1,
        null,
        null,
        null,
        null,
        1,
        null,
        1,
        1,
        null,
        1,
        1,
        1,
        1,
        1,
        null,
        null,
        null,
        null,
        null,
        null,
        null,
        null,
        null,
        1,
        null,
        null
      ],
      "/Users/jlivingston1/Turing/3module/projects/spin/spin/config/boot.rb": [
        1,
        null,
        1,
        1
      ],
      "/Users/jlivingston1/Turing/3module/projects/spin/spin/config/environments/test.rb": [
        1,
        null,
        null,
        null,
        null,
        null,
        null,
        1,
        null,
        null,
        null,
        null,
        1,
        null,
        null,
        1,
        1,
        null,
        null,
        null,
        null,
        1,
        1,
        null,
        null,
        1,
        null,
        null,
        1,
        null,
        null,
        1,
        null,
        1,
        null,
        null,
        null,
        null,
        1,
        null,
        null,
        1,
        null,
        null,
        null,
        null
      ],
      "/Users/jlivingston1/Turing/3module/projects/spin/spin/config/initializers/application_controller_renderer.rb": [
        null,
        null,
        null,
        null,
        null,
        null,
        null,
        null
      ],
      "/Users/jlivingston1/Turing/3module/projects/spin/spin/config/initializers/assets.rb": [
        null,
        null,
        null,
        1,
        null,
        null,
        null,
        null,
        1,
        null,
        null,
        null,
        null,
        null
      ],
      "/Users/jlivingston1/Turing/3module/projects/spin/spin/config/initializers/backtrace_silencers.rb": [
        null,
        null,
        null,
        null,
        null,
        null,
        null
      ],
      "/Users/jlivingston1/Turing/3module/projects/spin/spin/config/initializers/content_security_policy.rb": [
        null,
        null,
        null,
        null,
        null,
        null,
        null,
        null,
        null,
        null,
        null,
        null,
        null,
        null,
        null,
        null,
        null,
        null,
        null,
        null,
        null,
        null,
        null,
        null,
        null
      ],
      "/Users/jlivingston1/Turing/3module/projects/spin/spin/config/initializers/cookies_serializer.rb": [
        null,
        null,
        null,
        null,
        1
      ],
      "/Users/jlivingston1/Turing/3module/projects/spin/spin/config/initializers/filter_parameter_logging.rb": [
        null,
        null,
        null,
        1
      ],
      "/Users/jlivingston1/Turing/3module/projects/spin/spin/config/initializers/inflections.rb": [
        null,
        null,
        null,
        null,
        null,
        null,
        null,
        null,
        null,
        null,
        null,
        null,
        null,
        null,
        null,
        null
      ],
      "/Users/jlivingston1/Turing/3module/projects/spin/spin/config/initializers/mime_types.rb": [
        null,
        null,
        null,
        null
      ],
      "/Users/jlivingston1/Turing/3module/projects/spin/spin/config/initializers/omniauth.rb": [
        null,
        null,
        null,
        null,
        null,
        null,
        null,
        null,
        null,
        null
      ],
      "/Users/jlivingston1/Turing/3module/projects/spin/spin/config/initializers/wrap_parameters.rb": [
        null,
        null,
        null,
        null,
        null,
        null,
        1,
        2,
        null,
        null,
        null,
        null,
        null,
        null
      ],
      "/Users/jlivingston1/Turing/3module/projects/spin/spin/config/routes.rb": [
        1,
        1,
        1,
        1,
        1,
        1,
        null,
        1,
        1,
        1,
        1,
        1,
        null,
        null,
        null
      ],
      "/Users/jlivingston1/Turing/3module/projects/spin/spin/app/helpers/application_helper.rb": [
        1,
        null
      ],
      "/Users/jlivingston1/Turing/3module/projects/spin/spin/spec/features/user_can_access_their_tracks_spec.rb": [
        1,
        null,
        1,
        1,
        1,
        null,
        null,
        null,
        null,
        null,
        null,
        null,
        null,
        null,
        null,
        null,
        null,
        1,
        0,
        null,
        0,
        0,
        0,
        null,
        0,
        0,
        0,
        null,
        null,
        null
      ],
      "/Users/jlivingston1/Turing/3module/projects/spin/spin/spec/features/user_can_sign_in_spec.rb": [
        1,
        null,
        1,
        1,
        1,
        null,
        1,
        1,
        1,
        null,
        0,
        0,
        null,
        null,
        1,
        null,
        1,
        null,
        null,
        1,
        null,
        null,
        null,
        null,
        null,
        null,
        null,
        null,
        null,
        null,
        null,
        null,
        null,
        null
      ],
      "/Users/jlivingston1/Turing/3module/projects/spin/spin/spec/integrations/playlists_controller_spec.rb": [

      ],
      "/Users/jlivingston1/Turing/3module/projects/spin/spin/spec/models/album_spec.rb": [
        1,
        null,
        1,
        1,
        null
      ],
      "/Users/jlivingston1/Turing/3module/projects/spin/spin/app/models/album.rb": [
        1,
        1,
        null
      ],
      "/Users/jlivingston1/Turing/3module/projects/spin/spin/app/models/application_record.rb": [
        1,
        1,
        null
      ],
      "/Users/jlivingston1/Turing/3module/projects/spin/spin/spec/models/track_spec.rb": [
        1,
        null,
        1,
        1,
        null
      ],
      "/Users/jlivingston1/Turing/3module/projects/spin/spin/app/models/track.rb": [
        1,
        1,
        1,
        1,
        1,
        null
      ],
      "/Users/jlivingston1/Turing/3module/projects/spin/spin/spec/models/user_track_spec.rb": [
        1,
        null,
        1,
        1,
        null
      ],
      "/Users/jlivingston1/Turing/3module/projects/spin/spin/app/models/user_track.rb": [
        1,
        1,
        1,
        null
      ],
      "/Users/jlivingston1/Turing/3module/projects/spin/spin/app/models/user.rb": [
        1,
        1,
        1,
        1,
        1,
        1,
        null,
        1,
        null,
        1,
        2,
        2,
        0,
        null,
        2,
        null,
        null,
        2,
        2,
        null,
        null,
        null,
        null,
        null,
        null,
        null,
        null,
        null,
        0,
        0,
        null,
        null,
        1,
        0,
        0,
        0,
        0,
        0,
        0,
        0,
        null,
        0,
        null,
        null,
        1,
        0,
        null,
        null,
        1,
        0,
        0,
        null,
        null,
        null,
        1,
        0,
        null,
        null,
        1,
        null,
        null,
        null,
        null,
        null,
        1,
        1,
        0,
        null,
        null,
        null,
        null
      ],
      "/Users/jlivingston1/Turing/3module/projects/spin/spin/app/modules/client_token.rb": [
        1,
        1,
        2,
        null,
        null,
        null,
        null,
        2,
        null,
        null,
        1,
        0,
        null,
        null,
        null,
        null,
        null,
        null,
        0,
        null,
        null
      ],
      "/Users/jlivingston1/Turing/3module/projects/spin/spin/app/controllers/home_controller.rb": [
        1,
        1,
        null,
        null,
        null
      ],
      "/Users/jlivingston1/Turing/3module/projects/spin/spin/app/controllers/application_controller.rb": [
        1,
        1,
        null,
        1,
        null,
        null,
        null,
        null,
        null,
        null,
        null,
        1,
        1,
        null,
        null,
        1,
        0,
        null,
        null,
        1,
        0,
        null,
        null,
        1,
        0,
        0,
        null,
        null
      ]
    },
    "timestamp": 1533141686
  }
}
